<?xml version="1.0" encoding="UTF-8"?>
<testsuite xmlns:xsi="http://www.w3.org/2001/XMLSchema-instance" xsi:noNamespaceSchemaLocation="https://maven.apache.org/surefire/maven-surefire-plugin/xsd/surefire-test-report.xsd" name="com.ict.librarysystem.LibrarySystemApplicationTests" time="14.686" tests="1" errors="0" skipped="0" failures="0">
  <properties>
    <property name="sun.desktop" value="windows"/>
    <property name="awt.toolkit" value="sun.awt.windows.WToolkit"/>
    <property name="file.encoding.pkg" value="sun.io"/>
    <property name="java.specification.version" value="1.8"/>
    <property name="sun.cpu.isalist" value="amd64"/>
    <property name="sun.jnu.encoding" value="GBK"/>
    <property name="java.class.path" value="D:\java\IDEA\library-system\target\test-classes;D:\java\IDEA\library-system\target\classes;D:\java\MAVEN_LIB\org\springframework\boot\spring-boot-starter-actuator\2.5.5\spring-boot-starter-actuator-2.5.5.jar;D:\java\MAVEN_LIB\org\springframework\boot\spring-boot-starter\2.5.5\spring-boot-starter-2.5.5.jar;D:\java\MAVEN_LIB\org\springframework\boot\spring-boot\2.5.5\spring-boot-2.5.5.jar;D:\java\MAVEN_LIB\org\springframework\boot\spring-boot-starter-logging\2.5.5\spring-boot-starter-logging-2.5.5.jar;D:\java\MAVEN_LIB\ch\qos\logback\logback-classic\1.2.6\logback-classic-1.2.6.jar;D:\java\MAVEN_LIB\ch\qos\logback\logback-core\1.2.6\logback-core-1.2.6.jar;D:\java\MAVEN_LIB\org\apache\logging\log4j\log4j-to-slf4j\2.14.1\log4j-to-slf4j-2.14.1.jar;D:\java\MAVEN_LIB\org\apache\logging\log4j\log4j-api\2.14.1\log4j-api-2.14.1.jar;D:\java\MAVEN_LIB\org\slf4j\jul-to-slf4j\1.7.32\jul-to-slf4j-1.7.32.jar;D:\java\MAVEN_LIB\jakarta\annotation\jakarta.annotation-api\1.3.5\jakarta.annotation-api-1.3.5.jar;D:\java\MAVEN_LIB\org\yaml\snakeyaml\1.28\snakeyaml-1.28.jar;D:\java\MAVEN_LIB\org\springframework\boot\spring-boot-actuator-autoconfigure\2.5.5\spring-boot-actuator-autoconfigure-2.5.5.jar;D:\java\MAVEN_LIB\org\springframework\boot\spring-boot-actuator\2.5.5\spring-boot-actuator-2.5.5.jar;D:\java\MAVEN_LIB\com\fasterxml\jackson\core\jackson-databind\2.12.5\jackson-databind-2.12.5.jar;D:\java\MAVEN_LIB\com\fasterxml\jackson\core\jackson-annotations\2.12.5\jackson-annotations-2.12.5.jar;D:\java\MAVEN_LIB\com\fasterxml\jackson\core\jackson-core\2.12.5\jackson-core-2.12.5.jar;D:\java\MAVEN_LIB\com\fasterxml\jackson\datatype\jackson-datatype-jsr310\2.12.5\jackson-datatype-jsr310-2.12.5.jar;D:\java\MAVEN_LIB\io\micrometer\micrometer-core\1.7.4\micrometer-core-1.7.4.jar;D:\java\MAVEN_LIB\org\hdrhistogram\HdrHistogram\2.1.12\HdrHistogram-2.1.12.jar;D:\java\MAVEN_LIB\org\latencyutils\LatencyUtils\2.0.3\LatencyUtils-2.0.3.jar;D:\java\MAVEN_LIB\org\springframework\boot\spring-boot-starter-data-redis\2.5.5\spring-boot-starter-data-redis-2.5.5.jar;D:\java\MAVEN_LIB\org\springframework\data\spring-data-redis\2.5.5\spring-data-redis-2.5.5.jar;D:\java\MAVEN_LIB\org\springframework\data\spring-data-keyvalue\2.5.5\spring-data-keyvalue-2.5.5.jar;D:\java\MAVEN_LIB\org\springframework\data\spring-data-commons\2.5.5\spring-data-commons-2.5.5.jar;D:\java\MAVEN_LIB\org\springframework\spring-tx\5.3.10\spring-tx-5.3.10.jar;D:\java\MAVEN_LIB\org\springframework\spring-oxm\5.3.10\spring-oxm-5.3.10.jar;D:\java\MAVEN_LIB\org\springframework\spring-aop\5.3.10\spring-aop-5.3.10.jar;D:\java\MAVEN_LIB\org\springframework\spring-context-support\5.3.10\spring-context-support-5.3.10.jar;D:\java\MAVEN_LIB\io\lettuce\lettuce-core\6.1.5.RELEASE\lettuce-core-6.1.5.RELEASE.jar;D:\java\MAVEN_LIB\io\netty\netty-common\4.1.68.Final\netty-common-4.1.68.Final.jar;D:\java\MAVEN_LIB\io\netty\netty-handler\4.1.68.Final\netty-handler-4.1.68.Final.jar;D:\java\MAVEN_LIB\io\netty\netty-resolver\4.1.68.Final\netty-resolver-4.1.68.Final.jar;D:\java\MAVEN_LIB\io\netty\netty-buffer\4.1.68.Final\netty-buffer-4.1.68.Final.jar;D:\java\MAVEN_LIB\io\netty\netty-codec\4.1.68.Final\netty-codec-4.1.68.Final.jar;D:\java\MAVEN_LIB\io\netty\netty-transport\4.1.68.Final\netty-transport-4.1.68.Final.jar;D:\java\MAVEN_LIB\org\springframework\boot\spring-boot-starter-web\2.5.5\spring-boot-starter-web-2.5.5.jar;D:\java\MAVEN_LIB\org\springframework\boot\spring-boot-starter-json\2.5.5\spring-boot-starter-json-2.5.5.jar;D:\java\MAVEN_LIB\com\fasterxml\jackson\datatype\jackson-datatype-jdk8\2.12.5\jackson-datatype-jdk8-2.12.5.jar;D:\java\MAVEN_LIB\com\fasterxml\jackson\module\jackson-module-parameter-names\2.12.5\jackson-module-parameter-names-2.12.5.jar;D:\java\MAVEN_LIB\org\springframework\boot\spring-boot-starter-tomcat\2.5.5\spring-boot-starter-tomcat-2.5.5.jar;D:\java\MAVEN_LIB\org\apache\tomcat\embed\tomcat-embed-core\9.0.53\tomcat-embed-core-9.0.53.jar;D:\java\MAVEN_LIB\org\apache\tomcat\embed\tomcat-embed-el\9.0.53\tomcat-embed-el-9.0.53.jar;D:\java\MAVEN_LIB\org\apache\tomcat\embed\tomcat-embed-websocket\9.0.53\tomcat-embed-websocket-9.0.53.jar;D:\java\MAVEN_LIB\org\springframework\spring-web\5.3.10\spring-web-5.3.10.jar;D:\java\MAVEN_LIB\org\springframework\spring-beans\5.3.10\spring-beans-5.3.10.jar;D:\java\MAVEN_LIB\org\springframework\spring-webmvc\5.3.10\spring-webmvc-5.3.10.jar;D:\java\MAVEN_LIB\org\springframework\spring-context\5.3.10\spring-context-5.3.10.jar;D:\java\MAVEN_LIB\org\springframework\spring-expression\5.3.10\spring-expression-5.3.10.jar;D:\java\MAVEN_LIB\org\projectlombok\lombok\1.18.20\lombok-1.18.20.jar;D:\java\MAVEN_LIB\org\springframework\boot\spring-boot-starter-test\2.5.5\spring-boot-starter-test-2.5.5.jar;D:\java\MAVEN_LIB\org\springframework\boot\spring-boot-test\2.5.5\spring-boot-test-2.5.5.jar;D:\java\MAVEN_LIB\org\springframework\boot\spring-boot-test-autoconfigure\2.5.5\spring-boot-test-autoconfigure-2.5.5.jar;D:\java\MAVEN_LIB\com\jayway\jsonpath\json-path\2.5.0\json-path-2.5.0.jar;D:\java\MAVEN_LIB\net\minidev\json-smart\2.4.7\json-smart-2.4.7.jar;D:\java\MAVEN_LIB\net\minidev\accessors-smart\2.4.7\accessors-smart-2.4.7.jar;D:\java\MAVEN_LIB\org\ow2\asm\asm\9.1\asm-9.1.jar;D:\java\MAVEN_LIB\jakarta\xml\bind\jakarta.xml.bind-api\2.3.3\jakarta.xml.bind-api-2.3.3.jar;D:\java\MAVEN_LIB\jakarta\activation\jakarta.activation-api\1.2.2\jakarta.activation-api-1.2.2.jar;D:\java\MAVEN_LIB\org\assertj\assertj-core\3.19.0\assertj-core-3.19.0.jar;D:\java\MAVEN_LIB\org\hamcrest\hamcrest\2.2\hamcrest-2.2.jar;D:\java\MAVEN_LIB\org\junit\jupiter\junit-jupiter\5.7.2\junit-jupiter-5.7.2.jar;D:\java\MAVEN_LIB\org\junit\jupiter\junit-jupiter-api\5.7.2\junit-jupiter-api-5.7.2.jar;D:\java\MAVEN_LIB\org\apiguardian\apiguardian-api\1.1.0\apiguardian-api-1.1.0.jar;D:\java\MAVEN_LIB\org\opentest4j\opentest4j\1.2.0\opentest4j-1.2.0.jar;D:\java\MAVEN_LIB\org\junit\platform\junit-platform-commons\1.7.2\junit-platform-commons-1.7.2.jar;D:\java\MAVEN_LIB\org\junit\jupiter\junit-jupiter-params\5.7.2\junit-jupiter-params-5.7.2.jar;D:\java\MAVEN_LIB\org\junit\jupiter\junit-jupiter-engine\5.7.2\junit-jupiter-engine-5.7.2.jar;D:\java\MAVEN_LIB\org\junit\platform\junit-platform-engine\1.7.2\junit-platform-engine-1.7.2.jar;D:\java\MAVEN_LIB\org\mockito\mockito-core\3.9.0\mockito-core-3.9.0.jar;D:\java\MAVEN_LIB\net\bytebuddy\byte-buddy\1.10.22\byte-buddy-1.10.22.jar;D:\java\MAVEN_LIB\net\bytebuddy\byte-buddy-agent\1.10.22\byte-buddy-agent-1.10.22.jar;D:\java\MAVEN_LIB\org\objenesis\objenesis\3.2\objenesis-3.2.jar;D:\java\MAVEN_LIB\org\mockito\mockito-junit-jupiter\3.9.0\mockito-junit-jupiter-3.9.0.jar;D:\java\MAVEN_LIB\org\skyscreamer\jsonassert\1.5.0\jsonassert-1.5.0.jar;D:\java\MAVEN_LIB\com\vaadin\external\google\android-json\0.0.20131108.vaadin1\android-json-0.0.20131108.vaadin1.jar;D:\java\MAVEN_LIB\org\springframework\spring-core\5.3.10\spring-core-5.3.10.jar;D:\java\MAVEN_LIB\org\springframework\spring-jcl\5.3.10\spring-jcl-5.3.10.jar;D:\java\MAVEN_LIB\org\springframework\spring-test\5.3.10\spring-test-5.3.10.jar;D:\java\MAVEN_LIB\org\xmlunit\xmlunit-core\2.8.2\xmlunit-core-2.8.2.jar;D:\java\MAVEN_LIB\io\projectreactor\reactor-test\3.4.10\reactor-test-3.4.10.jar;D:\java\MAVEN_LIB\io\projectreactor\reactor-core\3.4.10\reactor-core-3.4.10.jar;D:\java\MAVEN_LIB\org\reactivestreams\reactive-streams\1.0.3\reactive-streams-1.0.3.jar;D:\java\MAVEN_LIB\com\alibaba\druid-spring-boot-starter\1.1.18\druid-spring-boot-starter-1.1.18.jar;D:\java\MAVEN_LIB\com\alibaba\druid\1.1.18\druid-1.1.18.jar;D:\java\MAVEN_LIB\org\slf4j\slf4j-api\1.7.32\slf4j-api-1.7.32.jar;D:\java\MAVEN_LIB\org\springframework\boot\spring-boot-autoconfigure\2.5.5\spring-boot-autoconfigure-2.5.5.jar;D:\java\MAVEN_LIB\mysql\mysql-connector-java\8.0.26\mysql-connector-java-8.0.26.jar;D:\java\MAVEN_LIB\org\apache\commons\commons-pool2\2.9.0\commons-pool2-2.9.0.jar;D:\java\MAVEN_LIB\org\slf4j\slf4j-log4j12\1.7.7\slf4j-log4j12-1.7.7.jar;D:\java\MAVEN_LIB\log4j\log4j\1.2.17\log4j-1.2.17.jar;D:\java\MAVEN_LIB\cn\hutool\hutool-all\5.7.7\hutool-all-5.7.7.jar;D:\java\MAVEN_LIB\com\github\pagehelper\pagehelper\5.1.8\pagehelper-5.1.8.jar;D:\java\MAVEN_LIB\com\github\jsqlparser\jsqlparser\1.2\jsqlparser-1.2.jar;D:\java\MAVEN_LIB\com\github\pagehelper\pagehelper-spring-boot-autoconfigure\1.2.5\pagehelper-spring-boot-autoconfigure-1.2.5.jar;D:\java\MAVEN_LIB\com\github\pagehelper\pagehelper-spring-boot-starter\1.2.5\pagehelper-spring-boot-starter-1.2.5.jar;D:\java\MAVEN_LIB\org\mybatis\spring\boot\mybatis-spring-boot-starter\1.3.2\mybatis-spring-boot-starter-1.3.2.jar;D:\java\MAVEN_LIB\org\springframework\boot\spring-boot-starter-jdbc\2.5.5\spring-boot-starter-jdbc-2.5.5.jar;D:\java\MAVEN_LIB\com\zaxxer\HikariCP\4.0.3\HikariCP-4.0.3.jar;D:\java\MAVEN_LIB\org\springframework\spring-jdbc\5.3.10\spring-jdbc-5.3.10.jar;D:\java\MAVEN_LIB\org\mybatis\spring\boot\mybatis-spring-boot-autoconfigure\1.3.2\mybatis-spring-boot-autoconfigure-1.3.2.jar;D:\java\MAVEN_LIB\org\mybatis\mybatis\3.4.6\mybatis-3.4.6.jar;D:\java\MAVEN_LIB\org\mybatis\mybatis-spring\1.3.2\mybatis-spring-1.3.2.jar;"/>
    <property name="java.vm.vendor" value="Oracle Corporation"/>
    <property name="sun.arch.data.model" value="64"/>
    <property name="user.variant" value=""/>
    <property name="java.vendor.url" value="http://java.oracle.com/"/>
    <property name="user.timezone" value="GMT+08:00"/>
    <property name="java.vm.specification.version" value="1.8"/>
    <property name="os.name" value="Windows 10"/>
    <property name="user.country" value="CN"/>
    <property name="sun.java.launcher" value="SUN_STANDARD"/>
    <property name="sun.boot.library.path" value="C:\Program Files\Java\jdk1.8.0_151\jre\bin"/>
    <property name="sun.java.command" value="C:\Users\duguai\AppData\Local\Temp\surefire7144169432824913170\surefirebooter2018472566227447092.jar C:\Users\duguai\AppData\Local\Temp\surefire7144169432824913170 2021-12-30T22-12-58_051-jvmRun1 surefire1448926820670027572tmp surefire_02320145376941565503tmp"/>
    <property name="surefire.test.class.path" value="D:\java\IDEA\library-system\target\test-classes;D:\java\IDEA\library-system\target\classes;D:\java\MAVEN_LIB\org\springframework\boot\spring-boot-starter-actuator\2.5.5\spring-boot-starter-actuator-2.5.5.jar;D:\java\MAVEN_LIB\org\springframework\boot\spring-boot-starter\2.5.5\spring-boot-starter-2.5.5.jar;D:\java\MAVEN_LIB\org\springframework\boot\spring-boot\2.5.5\spring-boot-2.5.5.jar;D:\java\MAVEN_LIB\org\springframework\boot\spring-boot-starter-logging\2.5.5\spring-boot-starter-logging-2.5.5.jar;D:\java\MAVEN_LIB\ch\qos\logback\logback-classic\1.2.6\logback-classic-1.2.6.jar;D:\java\MAVEN_LIB\ch\qos\logback\logback-core\1.2.6\logback-core-1.2.6.jar;D:\java\MAVEN_LIB\org\apache\logging\log4j\log4j-to-slf4j\2.14.1\log4j-to-slf4j-2.14.1.jar;D:\java\MAVEN_LIB\org\apache\logging\log4j\log4j-api\2.14.1\log4j-api-2.14.1.jar;D:\java\MAVEN_LIB\org\slf4j\jul-to-slf4j\1.7.32\jul-to-slf4j-1.7.32.jar;D:\java\MAVEN_LIB\jakarta\annotation\jakarta.annotation-api\1.3.5\jakarta.annotation-api-1.3.5.jar;D:\java\MAVEN_LIB\org\yaml\snakeyaml\1.28\snakeyaml-1.28.jar;D:\java\MAVEN_LIB\org\springframework\boot\spring-boot-actuator-autoconfigure\2.5.5\spring-boot-actuator-autoconfigure-2.5.5.jar;D:\java\MAVEN_LIB\org\springframework\boot\spring-boot-actuator\2.5.5\spring-boot-actuator-2.5.5.jar;D:\java\MAVEN_LIB\com\fasterxml\jackson\core\jackson-databind\2.12.5\jackson-databind-2.12.5.jar;D:\java\MAVEN_LIB\com\fasterxml\jackson\core\jackson-annotations\2.12.5\jackson-annotations-2.12.5.jar;D:\java\MAVEN_LIB\com\fasterxml\jackson\core\jackson-core\2.12.5\jackson-core-2.12.5.jar;D:\java\MAVEN_LIB\com\fasterxml\jackson\datatype\jackson-datatype-jsr310\2.12.5\jackson-datatype-jsr310-2.12.5.jar;D:\java\MAVEN_LIB\io\micrometer\micrometer-core\1.7.4\micrometer-core-1.7.4.jar;D:\java\MAVEN_LIB\org\hdrhistogram\HdrHistogram\2.1.12\HdrHistogram-2.1.12.jar;D:\java\MAVEN_LIB\org\latencyutils\LatencyUtils\2.0.3\LatencyUtils-2.0.3.jar;D:\java\MAVEN_LIB\org\springframework\boot\spring-boot-starter-data-redis\2.5.5\spring-boot-starter-data-redis-2.5.5.jar;D:\java\MAVEN_LIB\org\springframework\data\spring-data-redis\2.5.5\spring-data-redis-2.5.5.jar;D:\java\MAVEN_LIB\org\springframework\data\spring-data-keyvalue\2.5.5\spring-data-keyvalue-2.5.5.jar;D:\java\MAVEN_LIB\org\springframework\data\spring-data-commons\2.5.5\spring-data-commons-2.5.5.jar;D:\java\MAVEN_LIB\org\springframework\spring-tx\5.3.10\spring-tx-5.3.10.jar;D:\java\MAVEN_LIB\org\springframework\spring-oxm\5.3.10\spring-oxm-5.3.10.jar;D:\java\MAVEN_LIB\org\springframework\spring-aop\5.3.10\spring-aop-5.3.10.jar;D:\java\MAVEN_LIB\org\springframework\spring-context-support\5.3.10\spring-context-support-5.3.10.jar;D:\java\MAVEN_LIB\io\lettuce\lettuce-core\6.1.5.RELEASE\lettuce-core-6.1.5.RELEASE.jar;D:\java\MAVEN_LIB\io\netty\netty-common\4.1.68.Final\netty-common-4.1.68.Final.jar;D:\java\MAVEN_LIB\io\netty\netty-handler\4.1.68.Final\netty-handler-4.1.68.Final.jar;D:\java\MAVEN_LIB\io\netty\netty-resolver\4.1.68.Final\netty-resolver-4.1.68.Final.jar;D:\java\MAVEN_LIB\io\netty\netty-buffer\4.1.68.Final\netty-buffer-4.1.68.Final.jar;D:\java\MAVEN_LIB\io\netty\netty-codec\4.1.68.Final\netty-codec-4.1.68.Final.jar;D:\java\MAVEN_LIB\io\netty\netty-transport\4.1.68.Final\netty-transport-4.1.68.Final.jar;D:\java\MAVEN_LIB\org\springframework\boot\spring-boot-starter-web\2.5.5\spring-boot-starter-web-2.5.5.jar;D:\java\MAVEN_LIB\org\springframework\boot\spring-boot-starter-json\2.5.5\spring-boot-starter-json-2.5.5.jar;D:\java\MAVEN_LIB\com\fasterxml\jackson\datatype\jackson-datatype-jdk8\2.12.5\jackson-datatype-jdk8-2.12.5.jar;D:\java\MAVEN_LIB\com\fasterxml\jackson\module\jackson-module-parameter-names\2.12.5\jackson-module-parameter-names-2.12.5.jar;D:\java\MAVEN_LIB\org\springframework\boot\spring-boot-starter-tomcat\2.5.5\spring-boot-starter-tomcat-2.5.5.jar;D:\java\MAVEN_LIB\org\apache\tomcat\embed\tomcat-embed-core\9.0.53\tomcat-embed-core-9.0.53.jar;D:\java\MAVEN_LIB\org\apache\tomcat\embed\tomcat-embed-el\9.0.53\tomcat-embed-el-9.0.53.jar;D:\java\MAVEN_LIB\org\apache\tomcat\embed\tomcat-embed-websocket\9.0.53\tomcat-embed-websocket-9.0.53.jar;D:\java\MAVEN_LIB\org\springframework\spring-web\5.3.10\spring-web-5.3.10.jar;D:\java\MAVEN_LIB\org\springframework\spring-beans\5.3.10\spring-beans-5.3.10.jar;D:\java\MAVEN_LIB\org\springframework\spring-webmvc\5.3.10\spring-webmvc-5.3.10.jar;D:\java\MAVEN_LIB\org\springframework\spring-context\5.3.10\spring-context-5.3.10.jar;D:\java\MAVEN_LIB\org\springframework\spring-expression\5.3.10\spring-expression-5.3.10.jar;D:\java\MAVEN_LIB\org\projectlombok\lombok\1.18.20\lombok-1.18.20.jar;D:\java\MAVEN_LIB\org\springframework\boot\spring-boot-starter-test\2.5.5\spring-boot-starter-test-2.5.5.jar;D:\java\MAVEN_LIB\org\springframework\boot\spring-boot-test\2.5.5\spring-boot-test-2.5.5.jar;D:\java\MAVEN_LIB\org\springframework\boot\spring-boot-test-autoconfigure\2.5.5\spring-boot-test-autoconfigure-2.5.5.jar;D:\java\MAVEN_LIB\com\jayway\jsonpath\json-path\2.5.0\json-path-2.5.0.jar;D:\java\MAVEN_LIB\net\minidev\json-smart\2.4.7\json-smart-2.4.7.jar;D:\java\MAVEN_LIB\net\minidev\accessors-smart\2.4.7\accessors-smart-2.4.7.jar;D:\java\MAVEN_LIB\org\ow2\asm\asm\9.1\asm-9.1.jar;D:\java\MAVEN_LIB\jakarta\xml\bind\jakarta.xml.bind-api\2.3.3\jakarta.xml.bind-api-2.3.3.jar;D:\java\MAVEN_LIB\jakarta\activation\jakarta.activation-api\1.2.2\jakarta.activation-api-1.2.2.jar;D:\java\MAVEN_LIB\org\assertj\assertj-core\3.19.0\assertj-core-3.19.0.jar;D:\java\MAVEN_LIB\org\hamcrest\hamcrest\2.2\hamcrest-2.2.jar;D:\java\MAVEN_LIB\org\junit\jupiter\junit-jupiter\5.7.2\junit-jupiter-5.7.2.jar;D:\java\MAVEN_LIB\org\junit\jupiter\junit-jupiter-api\5.7.2\junit-jupiter-api-5.7.2.jar;D:\java\MAVEN_LIB\org\apiguardian\apiguardian-api\1.1.0\apiguardian-api-1.1.0.jar;D:\java\MAVEN_LIB\org\opentest4j\opentest4j\1.2.0\opentest4j-1.2.0.jar;D:\java\MAVEN_LIB\org\junit\platform\junit-platform-commons\1.7.2\junit-platform-commons-1.7.2.jar;D:\java\MAVEN_LIB\org\junit\jupiter\junit-jupiter-params\5.7.2\junit-jupiter-params-5.7.2.jar;D:\java\MAVEN_LIB\org\junit\jupiter\junit-jupiter-engine\5.7.2\junit-jupiter-engine-5.7.2.jar;D:\java\MAVEN_LIB\org\junit\platform\junit-platform-engine\1.7.2\junit-platform-engine-1.7.2.jar;D:\java\MAVEN_LIB\org\mockito\mockito-core\3.9.0\mockito-core-3.9.0.jar;D:\java\MAVEN_LIB\net\bytebuddy\byte-buddy\1.10.22\byte-buddy-1.10.22.jar;D:\java\MAVEN_LIB\net\bytebuddy\byte-buddy-agent\1.10.22\byte-buddy-agent-1.10.22.jar;D:\java\MAVEN_LIB\org\objenesis\objenesis\3.2\objenesis-3.2.jar;D:\java\MAVEN_LIB\org\mockito\mockito-junit-jupiter\3.9.0\mockito-junit-jupiter-3.9.0.jar;D:\java\MAVEN_LIB\org\skyscreamer\jsonassert\1.5.0\jsonassert-1.5.0.jar;D:\java\MAVEN_LIB\com\vaadin\external\google\android-json\0.0.20131108.vaadin1\android-json-0.0.20131108.vaadin1.jar;D:\java\MAVEN_LIB\org\springframework\spring-core\5.3.10\spring-core-5.3.10.jar;D:\java\MAVEN_LIB\org\springframework\spring-jcl\5.3.10\spring-jcl-5.3.10.jar;D:\java\MAVEN_LIB\org\springframework\spring-test\5.3.10\spring-test-5.3.10.jar;D:\java\MAVEN_LIB\org\xmlunit\xmlunit-core\2.8.2\xmlunit-core-2.8.2.jar;D:\java\MAVEN_LIB\io\projectreactor\reactor-test\3.4.10\reactor-test-3.4.10.jar;D:\java\MAVEN_LIB\io\projectreactor\reactor-core\3.4.10\reactor-core-3.4.10.jar;D:\java\MAVEN_LIB\org\reactivestreams\reactive-streams\1.0.3\reactive-streams-1.0.3.jar;D:\java\MAVEN_LIB\com\alibaba\druid-spring-boot-starter\1.1.18\druid-spring-boot-starter-1.1.18.jar;D:\java\MAVEN_LIB\com\alibaba\druid\1.1.18\druid-1.1.18.jar;D:\java\MAVEN_LIB\org\slf4j\slf4j-api\1.7.32\slf4j-api-1.7.32.jar;D:\java\MAVEN_LIB\org\springframework\boot\spring-boot-autoconfigure\2.5.5\spring-boot-autoconfigure-2.5.5.jar;D:\java\MAVEN_LIB\mysql\mysql-connector-java\8.0.26\mysql-connector-java-8.0.26.jar;D:\java\MAVEN_LIB\org\apache\commons\commons-pool2\2.9.0\commons-pool2-2.9.0.jar;D:\java\MAVEN_LIB\org\slf4j\slf4j-log4j12\1.7.7\slf4j-log4j12-1.7.7.jar;D:\java\MAVEN_LIB\log4j\log4j\1.2.17\log4j-1.2.17.jar;D:\java\MAVEN_LIB\cn\hutool\hutool-all\5.7.7\hutool-all-5.7.7.jar;D:\java\MAVEN_LIB\com\github\pagehelper\pagehelper\5.1.8\pagehelper-5.1.8.jar;D:\java\MAVEN_LIB\com\github\jsqlparser\jsqlparser\1.2\jsqlparser-1.2.jar;D:\java\MAVEN_LIB\com\github\pagehelper\pagehelper-spring-boot-autoconfigure\1.2.5\pagehelper-spring-boot-autoconfigure-1.2.5.jar;D:\java\MAVEN_LIB\com\github\pagehelper\pagehelper-spring-boot-starter\1.2.5\pagehelper-spring-boot-starter-1.2.5.jar;D:\java\MAVEN_LIB\org\mybatis\spring\boot\mybatis-spring-boot-starter\1.3.2\mybatis-spring-boot-starter-1.3.2.jar;D:\java\MAVEN_LIB\org\springframework\boot\spring-boot-starter-jdbc\2.5.5\spring-boot-starter-jdbc-2.5.5.jar;D:\java\MAVEN_LIB\com\zaxxer\HikariCP\4.0.3\HikariCP-4.0.3.jar;D:\java\MAVEN_LIB\org\springframework\spring-jdbc\5.3.10\spring-jdbc-5.3.10.jar;D:\java\MAVEN_LIB\org\mybatis\spring\boot\mybatis-spring-boot-autoconfigure\1.3.2\mybatis-spring-boot-autoconfigure-1.3.2.jar;D:\java\MAVEN_LIB\org\mybatis\mybatis\3.4.6\mybatis-3.4.6.jar;D:\java\MAVEN_LIB\org\mybatis\mybatis-spring\1.3.2\mybatis-spring-1.3.2.jar;"/>
    <property name="sun.cpu.endian" value="little"/>
    <property name="user.home" value="C:\Users\duguai"/>
    <property name="user.language" value="zh"/>
    <property name="java.specification.vendor" value="Oracle Corporation"/>
    <property name="java.home" value="C:\Program Files\Java\jdk1.8.0_151\jre"/>
    <property name="basedir" value="D:\java\IDEA\library-system"/>
    <property name="file.separator" value="\"/>
    <property name="line.separator" value="&#10;"/>
    <property name="java.vm.specification.vendor" value="Oracle Corporation"/>
    <property name="java.specification.name" value="Java Platform API Specification"/>
    <property name="java.awt.graphicsenv" value="sun.awt.Win32GraphicsEnvironment"/>
    <property name="surefire.real.class.path" value="C:\Users\duguai\AppData\Local\Temp\surefire7144169432824913170\surefirebooter2018472566227447092.jar"/>
    <property name="sun.boot.class.path" value="C:\Program Files\Java\jdk1.8.0_151\jre\lib\resources.jar;C:\Program Files\Java\jdk1.8.0_151\jre\lib\rt.jar;C:\Program Files\Java\jdk1.8.0_151\jre\lib\sunrsasign.jar;C:\Program Files\Java\jdk1.8.0_151\jre\lib\jsse.jar;C:\Program Files\Java\jdk1.8.0_151\jre\lib\jce.jar;C:\Program Files\Java\jdk1.8.0_151\jre\lib\charsets.jar;C:\Program Files\Java\jdk1.8.0_151\jre\lib\jfr.jar;C:\Program Files\Java\jdk1.8.0_151\jre\classes"/>
    <property name="user.script" value=""/>
    <property name="sun.management.compiler" value="HotSpot 64-Bit Tiered Compilers"/>
    <property name="java.runtime.version" value="1.8.0_151-b12"/>
    <property name="user.name" value="duguai"/>
    <property name="path.separator" value=";"/>
    <property name="os.version" value="10.0"/>
    <property name="java.endorsed.dirs" value="C:\Program Files\Java\jdk1.8.0_151\jre\lib\endorsed"/>
    <property name="java.runtime.name" value="Java(TM) SE Runtime Environment"/>
    <property name="file.encoding" value="GBK"/>
    <property name="java.vm.name" value="Java HotSpot(TM) 64-Bit Server VM"/>
    <property name="localRepository" value="D:\java\MAVEN_LIB"/>
    <property name="java.vendor.url.bug" value="http://bugreport.sun.com/bugreport/"/>
    <property name="java.io.tmpdir" value="C:\Users\duguai\AppData\Local\Temp\"/>
    <property name="idea.version" value="2020.2.4"/>
    <property name="java.version" value="1.8.0_151"/>
    <property name="user.dir" value="D:\java\IDEA\library-system"/>
    <property name="os.arch" value="amd64"/>
    <property name="java.vm.specification.name" value="Java Virtual Machine Specification"/>
    <property name="java.awt.printerjob" value="sun.awt.windows.WPrinterJob"/>
    <property name="sun.os.patch.level" value=""/>
    <property name="java.library.path" value="C:\Program Files\Java\jdk1.8.0_151\jre\bin;C:\WINDOWS\Sun\Java\bin;C:\WINDOWS\system32;C:\WINDOWS;C:\Program Files\Java\jdk1.8.0_151\bin;C:\Program Files (x86)\MySQL\MySQL Server 5.5\bin;C:\WINDOWS\system32;C:\WINDOWS;C:\WINDOWS\System32\Wbem;C:\WINDOWS\System32\WindowsPowerShell\v1.0\;C:\WINDOWS\System32\OpenSSH\;D:\apache-tomcat-10.0.6\lib;D:\apache-tomcat-10.0.6\bin;C:\Program Files\Microsoft SQL Server\130\Tools\Binn\;D:\java\apache-maven-3.8.1\bin;C:\Program Files\dotnet\;C:\Program Files\Go\bin;C:\Program Files (x86)\EasyShare\x86\;C:\Program Files (x86)\EasyShare\x64\;C:\Program Files (x86)\dotnet\;D:\PuTTY\;C:\Program Files\NVIDIA Corporation\NVIDIA NvDLISR;D:\Git\cmd;D:\node.js\;C:\ProgramData\chocolatey\bin;D:\node.js\node_global;C:\Users\duguai\AppData\Local\Microsoft\WindowsApps;D:\java\IDEA\IntelliJ IDEA 2020.2.4\bin;C:\Users\duguai\go\bin;D:\Microsoft VS Code\bin;C:\Users\duguai\AppData\Local\GitHubDesktop\bin;C:\Users\duguai\AppData\Roaming\npm;."/>
    <property name="java.vm.info" value="mixed mode"/>
    <property name="java.vendor" value="Oracle Corporation"/>
    <property name="java.vm.version" value="25.151-b12"/>
    <property name="java.ext.dirs" value="C:\Program Files\Java\jdk1.8.0_151\jre\lib\ext;C:\WINDOWS\Sun\Java\lib\ext"/>
    <property name="sun.io.unicode.encoding" value="UnicodeLittle"/>
    <property name="java.class.version" value="52.0"/>
  </properties>
  <testcase name="contextLoads" classname="com.ict.librarysystem.LibrarySystemApplicationTests" time="0.177"/>
</testsuite>